  [1m[36m (7.6ms)[0m  [1mCREATE TABLE "schema_migrations" ("version" character varying(255) NOT NULL) [0m
  [1m[35m (13.3ms)[0m  CREATE UNIQUE INDEX  "unique_schema_migrations" ON "schema_migrations"  ("version")
  [1m[36mActiveRecord::SchemaMigration Load (0.4ms)[0m  [1mSELECT "schema_migrations".* FROM "schema_migrations"[0m
Migrating to DeviseCreateUsers (20140527005452)
  [1m[35m (0.2ms)[0m  BEGIN
  [1m[36m (27.2ms)[0m  [1mCREATE TABLE "users" ("id" serial primary key, "email" character varying(255) DEFAULT '' NOT NULL, "encrypted_password" character varying(255) DEFAULT '' NOT NULL, "reset_password_token" character varying(255), "reset_password_sent_at" timestamp, "remember_created_at" timestamp, "sign_in_count" integer DEFAULT 0 NOT NULL, "current_sign_in_at" timestamp, "last_sign_in_at" timestamp, "current_sign_in_ip" character varying(255), "last_sign_in_ip" character varying(255), "created_at" timestamp, "updated_at" timestamp) [0m
  [1m[35m (0.9ms)[0m  CREATE UNIQUE INDEX  "index_users_on_email" ON "users"  ("email")
  [1m[36m (0.8ms)[0m  [1mCREATE UNIQUE INDEX  "index_users_on_reset_password_token" ON "users"  ("reset_password_token")[0m
  [1m[35mSQL (6.3ms)[0m  INSERT INTO "schema_migrations" ("version") VALUES ($1)  [["version", "20140527005452"]]
  [1m[36m (6.3ms)[0m  [1mCOMMIT[0m
Migrating to AddNameToUsers (20140527005453)
  [1m[35m (6.5ms)[0m  BEGIN
  [1m[36m (2.8ms)[0m  [1mALTER TABLE "users" ADD COLUMN "name" character varying(255)[0m
  [1m[35mSQL (0.2ms)[0m  INSERT INTO "schema_migrations" ("version") VALUES ($1)  [["version", "20140527005453"]]
  [1m[36m (0.3ms)[0m  [1mCOMMIT[0m
  [1m[35mActiveRecord::SchemaMigration Load (0.2ms)[0m  SELECT "schema_migrations".* FROM "schema_migrations"
  [1m[36mActiveRecord::SchemaMigration Load (0.4ms)[0m  [1mSELECT "schema_migrations".* FROM "schema_migrations"[0m
  [1m[35mActiveRecord::SchemaMigration Load (0.3ms)[0m  SELECT "schema_migrations".* FROM "schema_migrations"
  [1m[36mActiveRecord::SchemaMigration Load (0.4ms)[0m  [1mSELECT "schema_migrations".* FROM "schema_migrations"[0m
  [1m[35mUser Load (0.8ms)[0m  SELECT  "users".* FROM "users"  WHERE "users"."email" = 'user@example.com' LIMIT 1
  [1m[36m (0.2ms)[0m  [1mBEGIN[0m
  [1m[35mUser Exists (0.3ms)[0m  SELECT  1 AS one FROM "users"  WHERE "users"."email" = 'user@example.com' LIMIT 1
  [1m[36mSQL (18.6ms)[0m  [1mINSERT INTO "users" ("created_at", "email", "encrypted_password", "updated_at") VALUES ($1, $2, $3, $4) RETURNING "id"[0m  [["created_at", "2014-05-27 00:55:11.948212"], ["email", "user@example.com"], ["encrypted_password", "$2a$10$wR8UjlFJSHDZF0jIusmBQeyhUovBOFNsxzakXHOkJNEyPyUJJHm2W"], ["updated_at", "2014-05-27 00:55:11.948212"]]
  [1m[35m (4.9ms)[0m  COMMIT


Started GET "/" for 127.0.0.1 at 2014-05-27 01:56:53 +0100
  [1m[36mActiveRecord::SchemaMigration Load (0.4ms)[0m  [1mSELECT "schema_migrations".* FROM "schema_migrations"[0m
Processing by VisitorsController#index as HTML
  [1m[35m (0.5ms)[0m  SELECT COUNT(*) FROM "users"
  Rendered visitors/index.html.erb within layouts/application (6.2ms)
  Rendered layouts/_navigation_links.html.erb (4.2ms)
  Rendered layouts/_navigation.html.erb (5.5ms)
  Rendered layouts/_messages.html.erb (0.5ms)
Completed 200 OK in 2923ms (Views: 2905.9ms | ActiveRecord: 2.3ms)


Started GET "/users/sign_in" for 127.0.0.1 at 2014-05-27 01:57:01 +0100
Processing by Devise::SessionsController#new as HTML
  Rendered devise/sessions/new.html.erb within layouts/application (30.9ms)
  Rendered layouts/_navigation_links.html.erb (0.3ms)
  Rendered layouts/_navigation.html.erb (0.9ms)
  Rendered layouts/_messages.html.erb (0.1ms)
Completed 200 OK in 60ms (Views: 44.8ms | ActiveRecord: 0.0ms)


Started GET "/users/sign_up" for 127.0.0.1 at 2014-05-27 01:57:08 +0100
Processing by Devise::RegistrationsController#new as HTML
  Rendered devise/registrations/new.html.erb within layouts/application (4.6ms)
  Rendered layouts/_navigation_links.html.erb (1.4ms)
  Rendered layouts/_navigation.html.erb (5.5ms)
  Rendered layouts/_messages.html.erb (0.2ms)
Completed 200 OK in 35ms (Views: 33.1ms | ActiveRecord: 0.0ms)


Started POST "/users" for 127.0.0.1 at 2014-05-27 01:57:30 +0100
Processing by Devise::RegistrationsController#create as HTML
  Parameters: {"utf8"=>"✓", "authenticity_token"=>"kx2hu8HH+W/RZwgZ652NMxJM+am1sguT1Li6vSTiBbo=", "user"=>{"name"=>"Andrew Macnaughton", "email"=>"andy.macnaughton@gmail.com", "password"=>"[FILTERED]", "password_confirmation"=>"[FILTERED]"}, "commit"=>"Sign up"}
  [1m[36m (0.2ms)[0m  [1mBEGIN[0m
  [1m[35mUser Exists (0.6ms)[0m  SELECT  1 AS one FROM "users"  WHERE "users"."email" = 'andy.macnaughton@gmail.com' LIMIT 1
  [1m[36mSQL (0.5ms)[0m  [1mINSERT INTO "users" ("created_at", "email", "encrypted_password", "name", "updated_at") VALUES ($1, $2, $3, $4, $5) RETURNING "id"[0m  [["created_at", "2014-05-27 00:57:30.857914"], ["email", "andy.macnaughton@gmail.com"], ["encrypted_password", "$2a$10$qsCZ94ErS2wWmHODz6iRSugJRKjbdTXsCRZkzcExvd0iOcH4Ghg9q"], ["name", "Andrew Macnaughton"], ["updated_at", "2014-05-27 00:57:30.857914"]]
  [1m[35m (0.5ms)[0m  COMMIT
  [1m[36m (0.2ms)[0m  [1mBEGIN[0m
  [1m[35mSQL (0.4ms)[0m  UPDATE "users" SET "current_sign_in_at" = $1, "current_sign_in_ip" = $2, "last_sign_in_at" = $3, "last_sign_in_ip" = $4, "sign_in_count" = $5, "updated_at" = $6 WHERE "users"."id" = 2  [["current_sign_in_at", "2014-05-27 00:57:30.862990"], ["current_sign_in_ip", "127.0.0.1"], ["last_sign_in_at", "2014-05-27 00:57:30.862990"], ["last_sign_in_ip", "127.0.0.1"], ["sign_in_count", 1], ["updated_at", "2014-05-27 00:57:30.864025"]]
  [1m[36m (0.4ms)[0m  [1mCOMMIT[0m
Redirected to http://localhost:3001/
Completed 302 Found in 100ms (ActiveRecord: 3.0ms)


Started GET "/" for 127.0.0.1 at 2014-05-27 01:57:30 +0100
Processing by VisitorsController#index as HTML
  [1m[35m (0.4ms)[0m  SELECT COUNT(*) FROM "users"
  Rendered visitors/index.html.erb within layouts/application (1.3ms)
  [1m[36mUser Load (0.5ms)[0m  [1mSELECT  "users".* FROM "users"  WHERE "users"."id" = 2  ORDER BY "users"."id" ASC LIMIT 1[0m
  Rendered layouts/_navigation_links.html.erb (3.9ms)
  Rendered layouts/_navigation.html.erb (4.5ms)
  Rendered layouts/_messages.html.erb (0.1ms)
Completed 200 OK in 17ms (Views: 15.9ms | ActiveRecord: 0.9ms)


Started GET "/users" for 127.0.0.1 at 2014-05-27 01:57:35 +0100
Processing by UsersController#index as HTML
  [1m[35mUser Load (1.0ms)[0m  SELECT  "users".* FROM "users"  WHERE "users"."id" = 2  ORDER BY "users"."id" ASC LIMIT 1
  [1m[36mUser Load (0.4ms)[0m  [1mSELECT "users".* FROM "users"[0m
  Rendered users/_user.html.erb (1.2ms)
  Rendered users/_user.html.erb (0.7ms)
  Rendered users/index.html.erb within layouts/application (7.0ms)
  Rendered layouts/_navigation_links.html.erb (1.0ms)
  Rendered layouts/_navigation.html.erb (2.3ms)
  Rendered layouts/_messages.html.erb (0.6ms)
Completed 200 OK in 35ms (Views: 31.0ms | ActiveRecord: 1.4ms)


Started DELETE "/users/sign_out" for 127.0.0.1 at 2014-05-27 01:57:37 +0100
Processing by Devise::SessionsController#destroy as HTML
  Parameters: {"authenticity_token"=>"kx2hu8HH+W/RZwgZ652NMxJM+am1sguT1Li6vSTiBbo="}
  [1m[35mUser Load (0.4ms)[0m  SELECT  "users".* FROM "users"  WHERE "users"."id" = 2  ORDER BY "users"."id" ASC LIMIT 1
  [1m[36m (0.3ms)[0m  [1mBEGIN[0m
  [1m[35m (0.2ms)[0m  COMMIT
Redirected to http://localhost:3001/
Completed 302 Found in 10ms (ActiveRecord: 0.8ms)


Started GET "/" for 127.0.0.1 at 2014-05-27 01:57:37 +0100
Processing by VisitorsController#index as HTML
  [1m[36m (0.3ms)[0m  [1mSELECT COUNT(*) FROM "users"[0m
  Rendered visitors/index.html.erb within layouts/application (1.2ms)
  Rendered layouts/_navigation_links.html.erb (0.5ms)
  Rendered layouts/_navigation.html.erb (1.2ms)
  Rendered layouts/_messages.html.erb (0.1ms)
Completed 200 OK in 15ms (Views: 13.8ms | ActiveRecord: 0.3ms)


Started GET "/users/sign_in" for 127.0.0.1 at 2014-05-27 01:57:38 +0100
Processing by Devise::SessionsController#new as HTML
  Rendered devise/sessions/new.html.erb within layouts/application (4.0ms)
  Rendered layouts/_navigation_links.html.erb (0.5ms)
  Rendered layouts/_navigation.html.erb (1.6ms)
  Rendered layouts/_messages.html.erb (0.1ms)
Completed 200 OK in 23ms (Views: 22.3ms | ActiveRecord: 0.0ms)


Started POST "/users/sign_in" for 127.0.0.1 at 2014-05-27 01:57:40 +0100
Processing by Devise::SessionsController#create as HTML
  Parameters: {"utf8"=>"✓", "authenticity_token"=>"zTzYy9D7Guc/KSaFjgQ7LAJ7DWQJTVqIcivy6n6pVw0=", "user"=>{"email"=>"andy.macnaughton@gmail.com", "password"=>"[FILTERED]", "remember_me"=>"0"}, "commit"=>"Sign in"}
  [1m[35mUser Load (0.7ms)[0m  SELECT  "users".* FROM "users"  WHERE "users"."email" = 'andy.macnaughton@gmail.com'  ORDER BY "users"."id" ASC LIMIT 1
  [1m[36m (0.2ms)[0m  [1mBEGIN[0m
  [1m[35mSQL (0.3ms)[0m  UPDATE "users" SET "current_sign_in_at" = $1, "sign_in_count" = $2, "updated_at" = $3 WHERE "users"."id" = 2  [["current_sign_in_at", "2014-05-27 00:57:40.762585"], ["sign_in_count", 2], ["updated_at", "2014-05-27 00:57:40.763487"]]
  [1m[36m (0.4ms)[0m  [1mCOMMIT[0m
Redirected to http://localhost:3001/
Completed 302 Found in 93ms (ActiveRecord: 1.6ms)


Started GET "/" for 127.0.0.1 at 2014-05-27 01:57:40 +0100
Processing by VisitorsController#index as HTML
  [1m[35m (1.8ms)[0m  SELECT COUNT(*) FROM "users"
  Rendered visitors/index.html.erb within layouts/application (4.2ms)
  [1m[36mUser Load (0.4ms)[0m  [1mSELECT  "users".* FROM "users"  WHERE "users"."id" = 2  ORDER BY "users"."id" ASC LIMIT 1[0m
  Rendered layouts/_navigation_links.html.erb (1.5ms)
  Rendered layouts/_navigation.html.erb (2.9ms)
  Rendered layouts/_messages.html.erb (0.1ms)
Completed 200 OK in 31ms (Views: 28.2ms | ActiveRecord: 2.1ms)


Started GET "/users/edit" for 127.0.0.1 at 2014-05-27 01:57:42 +0100
Processing by Devise::RegistrationsController#edit as HTML
  [1m[35mUser Load (0.7ms)[0m  SELECT  "users".* FROM "users"  WHERE "users"."id" = 2  ORDER BY "users"."id" ASC LIMIT 1
  Rendered devise/registrations/edit.html.erb within layouts/application (6.1ms)
  Rendered layouts/_navigation_links.html.erb (0.4ms)
  Rendered layouts/_navigation.html.erb (1.6ms)
  Rendered layouts/_messages.html.erb (0.1ms)
Completed 200 OK in 30ms (Views: 26.8ms | ActiveRecord: 0.7ms)


Started GET "/users/edit" for 127.0.0.1 at 2014-05-27 02:00:26 +0100
  [1m[36mActiveRecord::SchemaMigration Load (0.4ms)[0m  [1mSELECT "schema_migrations".* FROM "schema_migrations"[0m
Processing by Devise::RegistrationsController#edit as HTML
  [1m[35mUser Load (0.7ms)[0m  SELECT  "users".* FROM "users"  WHERE "users"."id" = 2  ORDER BY "users"."id" ASC LIMIT 1
  Rendered devise/registrations/edit.html.erb within layouts/application (22.1ms)
  Rendered layouts/_navigation_links.html.erb (0.7ms)
  Rendered layouts/_navigation.html.erb (1.9ms)
  Rendered layouts/_messages.html.erb (0.5ms)
Completed 200 OK in 568ms (Views: 543.7ms | ActiveRecord: 2.9ms)


Started GET "/" for 127.0.0.1 at 2014-05-27 02:00:29 +0100
Processing by VisitorsController#index as HTML
  [1m[36m (0.5ms)[0m  [1mSELECT COUNT(*) FROM "users"[0m
  Rendered visitors/index.html.erb within layouts/application (3.1ms)
  [1m[35mUser Load (3.0ms)[0m  SELECT  "users".* FROM "users"  WHERE "users"."id" = 2  ORDER BY "users"."id" ASC LIMIT 1
  Rendered layouts/_navigation_links.html.erb (9.2ms)
  Rendered layouts/_navigation.html.erb (12.2ms)
  Rendered layouts/_messages.html.erb (0.8ms)
Completed 200 OK in 46ms (Views: 39.9ms | ActiveRecord: 3.5ms)


Started GET "/users" for 127.0.0.1 at 2014-05-27 02:00:31 +0100
Processing by UsersController#index as HTML
  [1m[36mUser Load (0.5ms)[0m  [1mSELECT  "users".* FROM "users"  WHERE "users"."id" = 2  ORDER BY "users"."id" ASC LIMIT 1[0m
  [1m[35mUser Load (0.5ms)[0m  SELECT "users".* FROM "users"
  Rendered users/_user.html.erb (0.9ms)
  Rendered users/_user.html.erb (0.3ms)
  Rendered users/index.html.erb within layouts/application (6.2ms)
  Rendered layouts/_navigation_links.html.erb (0.5ms)
  Rendered layouts/_navigation.html.erb (1.6ms)
  Rendered layouts/_messages.html.erb (0.1ms)
Completed 200 OK in 28ms (Views: 24.2ms | ActiveRecord: 1.1ms)
